ΓòöΓòÉΓòÉΓòÉΓòÉΓòÉΓòÉΓòÉΓòÉΓòÉΓòÉΓòÉΓòÉΓòÉΓòÉΓòÉΓòÉΓòÉΓòÉΓòÉΓòÉΓòÉΓòÉΓòÉΓòÉΓòÉΓòÉΓòÉΓòÉΓòÉΓòÉΓòÉΓòÉΓòÉΓòÉΓòÉΓòÉΓòÉΓòÉΓòÉΓòÉΓòÉΓòÉΓòÉΓòÉΓòÉΓòÉΓòÉΓòÉΓòÉΓòÉΓòù
Γòæ  YNAI Pre-Built Notes Generator                  Γòæ
ΓòÜΓòÉΓòÉΓòÉΓòÉΓòÉΓòÉΓòÉΓòÉΓòÉΓòÉΓòÉΓòÉΓòÉΓòÉΓòÉΓòÉΓòÉΓòÉΓòÉΓòÉΓòÉΓòÉΓòÉΓòÉΓòÉΓòÉΓòÉΓòÉΓòÉΓòÉΓòÉΓòÉΓòÉΓòÉΓòÉΓòÉΓòÉΓòÉΓòÉΓòÉΓòÉΓòÉΓòÉΓòÉΓòÉΓòÉΓòÉΓòÉΓòÉΓòÉΓò¥

≡ƒôï Ensuring database tables exist...
  Γ£à Tables ready

≡ƒôÜ Found 297 syllabus nodes to process

≡ƒÄ» Generating 1 versions per node (v1: The Senior Counsel)
≡ƒôè Total notes to generate: up to 297

ΓöÇΓöÇΓöÇΓöÇΓöÇΓöÇΓöÇΓöÇΓöÇΓöÇΓöÇΓöÇΓöÇΓöÇΓöÇΓöÇΓöÇΓöÇΓöÇΓöÇΓöÇΓöÇΓöÇΓöÇΓöÇΓöÇΓöÇΓöÇΓöÇΓöÇΓöÇΓöÇΓöÇΓöÇΓöÇΓöÇΓöÇΓöÇΓöÇΓöÇΓöÇΓöÇΓöÇΓöÇΓöÇΓöÇΓöÇΓöÇΓöÇΓöÇΓöÇΓöÇΓöÇΓöÇΓöÇΓöÇΓöÇΓöÇΓöÇΓöÇ

[1/297] ≡ƒôû ATP100 Week 1: Overview of the Course: Introduction, expectations, ground rules
  ≡ƒôÄ Found 0 authority sources
  Γ£ì v1 (The Senior Counsel) attempt 1...
    Γ£à 2465 words, 12 sections, 6 authorities cited, $0.0272

[2/297] ≡ƒôû ATP101 Week 1: Introduction to Criminal Litigation: Criminal Procedure Code overview, criminal law principles
  ≡ƒôÄ Found 15 authority sources
  Γ£ì v1 (The Senior Counsel) attempt 1...
    Γ£à 2356 words, 10 sections, 0 authorities cited, $0.0313

[3/297] ≡ƒôû ATP102 Week 1: Introduction to Succession Law: Historical background, commencement of LSA
  ≡ƒôÄ Found 11 authority sources
  Γ£ì v1 (The Senior Counsel) attempt 1...
    Γ£à 2547 words, 10 sections, 8 authorities cited, $0.0322

[4/297] ≡ƒôû ATP103 Week 1: Introduction to Legal Writing: Overview, expectations, ground rules
  ≡ƒôÄ Found 15 authority sources
  Γ£ì v1 (The Senior Counsel) attempt 1...
    Γ£à 2755 words, 9 sections, 2 authorities cited, $0.0369

[5/297] ≡ƒôû ATP104 Week 1: Overview of the Course: Introduction, expectations, learning outcomes
  ≡ƒôÄ Found 0 authority sources
  Γ£ì v1 (The Senior Counsel) attempt 1...
    Γ£à 2604 words, 10 sections, 19 authorities cited, $0.0286

[6/297] ≡ƒôû ATP105 Week 1: Introduction to Professional Ethics: Defining ethics and profession; relevance to modern practice
  ≡ƒôÄ Found 14 authority sources
  Γ£ì v1 (The Senior Counsel) attempt 1...
    Γ£à 2372 words, 8 sections, 0 authorities cited, $0.0313

[7/297] ≡ƒôû ATP106 Week 1: General Introduction and Overview: Introduction, course contents, tools
  ≡ƒôÄ Found 0 authority sources
  Γ£ì v1 (The Senior Counsel) attempt 1...
    Γ£à 2473 words, 14 sections, 3 authorities cited, $0.0271

[8/297] ≡ƒôû ATP107 Week 1: Introduction to Conveyancing: Definition, nature, scope, conceptual framework
  ≡ƒôÄ Found 0 authority sources
  Γ£ì v1 (The Senior Counsel) attempt 1...
    Γ£à 2277 words, 9 sections, 9 authorities cited, $0.0266

[9/297] ≡ƒôû ATP108 Week 1: Companies ΓÇô Formation and Basics: Types of companies; incorporation procedure; execution of documents
  ≡ƒôÄ Found 15 authority sources
  Γ£ì v1 (The Senior Counsel) attempt 1...
    Γ£à 2726 words, 11 sections, 7 authorities cited, $0.0333

[10/297] ≡ƒôû ATP100 Week 2: Taking of Instructions in Civil Litigation: Client interview and conferencing
  ≡ƒôÄ Found 14 authority sources
  Γ£ì v1 (The Senior Counsel) attempt 1...
    Γ£à 2516 words, 10 sections, 0 authorities cited, $0.0325

[11/297] ≡ƒôû ATP101 Week 2: Jurisdiction and Structure of Courts: Magistrates courts, tribunals, High Court
  ≡ƒôÄ Found 3 authority sources
  Γ£ì v1 (The Senior Counsel) attempt 1...
    Γ£à 2465 words, 10 sections, 1 authorities cited, $0.0288

[12/297] ≡ƒôû ATP102 Week 2: Legal Framework of Succession: Relationship between LSA and other laws
  ≡ƒôÄ Found 15 authority sources
  Γ£ì v1 (The Senior Counsel) attempt 1...
    Γ£à 2818 words, 11 sections, 5 authorities cited, $0.0367

[13/297] ≡ƒôû ATP103 Week 2: Qualities of Good Legal Writing: Plain English vs legalese
  ≡ƒôÄ Found 0 authority sources
  Γ£ì v1 (The Senior Counsel) attempt 1...
    Γ£à 2532 words, 13 sections, 6 authorities cited, $0.0295

[14/297] ≡ƒôû ATP104 Week 2: Introduction to Trial Advocacy: UN Basic Principles, key skills, legal research
  ≡ƒôÄ Found 15 authority sources
  Γ£ì v1 (The Senior Counsel) attempt 1...
    Γ£à 2835 words, 10 sections, 0 authorities cited, $0.0433

[15/297] ≡ƒôû ATP105 Week 2: Law as a Profession in Kenya: Evolution of legal profession; regulatory framework; senior bar
  ≡ƒôÄ Found 14 authority sources
  Γ£ì v1 (The Senior Counsel) attempt 1...
    Γ£à 2503 words, 8 sections, 0 authorities cited, $0.0336

[16/297] ≡ƒôû ATP106 Week 2: Introduction to Office Administration: Historical background, office defined, types of offices
  ≡ƒôÄ Found 14 authority sources
  Γ£ì v1 (The Senior Counsel) attempt 1...
    Γ£à 2754 words, 11 sections, 2 authorities cited, $0.0351

[17/297] ≡ƒôû ATP107 Week 2: Historical and Legal Framework: History of conveyancing in UK from 1535
  ≡ƒôÄ Found 2 authority sources
  Γ£ì v1 (The Senior Counsel) attempt 1...
    Γ£à 2179 words, 12 sections, 0 authorities cited, $0.0251

[18/297] ≡ƒôû ATP108 Week 2: Companies ΓÇô Statutory Compliance: Statutory returns, notices, appointments, annual returns
  ≡ƒôÄ Found 15 authority sources
  Γ£ì v1 (The Senior Counsel) attempt 1...
    Γ£à 2766 words, 11 sections, 1 authorities cited, $0.0349

[19/297] ≡ƒôû ATP100 Week 3: Taking of Instructions in Civil Litigation: Legal opinion and pre-litigation considerations
  ≡ƒôÄ Found 14 authority sources
  Γ£ì v1 (The Senior Counsel) attempt 1...
    Γ£à 2465 words, 13 sections, 0 authorities cited, $0.0336

[20/297] ≡ƒôû ATP101 Week 3: Jurisdiction and Structure of Courts: Court of Appeal, Supreme Court, ICC
  ≡ƒôÄ Found 3 authority sources
  Γ£ì v1 (The Senior Counsel) attempt 1...
    Γ£à 2569 words, 11 sections, 3 authorities cited, $0.0291

[21/297] ≡ƒôû ATP102 Week 3: Legal Framework of Succession: Marriage Act, customary law, conveyancing, co-ownership, exemptions
  ≡ƒôÄ Found 15 authority sources
  Γ£ì v1 (The Senior Counsel) attempt 1...
    Γ£à 2496 words, 10 sections, 5 authorities cited, $0.0325

[22/297] ≡ƒôû ATP103 Week 3: Introduction to Legal Writing: Gender-neutral language, bias-free language
  ≡ƒôÄ Found 15 authority sources
  Γ£ì v1 (The Senior Counsel) attempt 1...
    Γ£à 2457 words, 12 sections, 2 authorities cited, $0.0338

[23/297] ≡ƒôû ATP104 Week 3: Introduction to Trial Advocacy: History: Greek, Roman, England, Kenya
  ≡ƒôÄ Found 15 authority sources
  Γ£ì v1 (The Senior Counsel) attempt 1...
    Γ£à 2429 words, 9 sections, 0 authorities cited, $0.0371

[24/297] ≡ƒôû ATP105 Week 3: The Law Society of Kenya: Establishment, objects, governance, role in democracy
  ≡ƒôÄ Found 14 authority sources
  Γ£ì v1 (The Senior Counsel) attempt 1...
    Γ£à 2487 words, 8 sections, 4 authorities cited, $0.0329

[25/297] ≡ƒôû ATP106 Week 3: Introduction to Office Administration: Nature of a law firm, office organization
  ≡ƒôÄ Found 14 authority sources
  Γ£ì v1 (The Senior Counsel) attempt 1...
    Γ£à 2477 words, 15 sections, 2 authorities cited, $0.0323

[26/297] ≡ƒôû ATP107 Week 3: Historical and Legal Framework: Evolution in Kenya: pre and post colonization
  ≡ƒôÄ Found 2 authority sources
  Γ£ì v1 (The Senior Counsel) attempt 1...
    Γ£à 1991 words, 11 sections, 0 authorities cited, $0.0226

[27/297] ≡ƒôû ATP108 Week 3: Companies ΓÇô Resolutions, Meetings and Shares: Resolutions, share capital, shareholder agreements
  ≡ƒôÄ Found 15 authority sources
  Γ£ì v1 (The Senior Counsel) attempt 1...
    Γ£à 2694 words, 10 sections, 3 authorities cited, $0.0360

[28/297] ≡ƒôû ATP100 Week 4: Taking of Instructions in Civil Litigation: Demand letter drafting
  ≡ƒôÄ Found 14 authority sources
  Γ£ì v1 (The Senior Counsel) attempt 1...
    ΓÅ│ Retrying in 5s...
    Γ¥î Attempt 1 failed: Generated content too short (0 chars)
  Γ£ì v1 (The Senior Counsel) attempt 2...
    Γ£à 2639 words, 12 sections, 0 authorities cited, $0.0358

[29/297] ≡ƒôû ATP101 Week 4: Arrests: Arrest without warrant
  ≡ƒôÄ Found 0 authority sources
  Γ£ì v1 (The Senior Counsel) attempt 1...
    Γ£à 2602 words, 16 sections, 1 authorities cited, $0.0322

[30/297] ≡ƒôû ATP102 Week 4: Testate Succession ΓÇô Wills and Codicils: Definition, physical requirements, types of wills
  ≡ƒôÄ Found 7 authority sources
  Γ£ì v1 (The Senior Counsel) attempt 1...
    Γ¥î Attempt 1 failed: Generated content too short (0 chars)
    ΓÅ│ Retrying in 5s...
  Γ£ì v1 (The Senior Counsel) attempt 2...
    Γ¥î Attempt 2 failed: Generated content too short (0 chars)
    ΓÅ│ Retrying in 5s...
  Γ£ì v1 (The Senior Counsel) attempt 3...
    Γ¥î Attempt 3 failed: Generated content too short (0 chars)

[31/297] ≡ƒôû ATP103 Week 4: Introduction to Legal Writing: Advanced qualities and strategic word choice
  ≡ƒôÄ Found 15 authority sources
  Γ£ì v1 (The Senior Counsel) attempt 1...
    Γ£à 2541 words, 12 sections, 1 authorities cited, $0.0348

[32/297] ≡ƒôû ATP104 Week 4: Introduction to Trial Advocacy: Formal sources of law; courts, tribunals, ADR
  ≡ƒôÄ Found 15 authority sources
  Γ£ì v1 (The Senior Counsel) attempt 1...
    Γ£à 2715 words, 10 sections, 0 authorities cited, $0.0400

[33/297] ≡ƒôû ATP105 Week 4: Professional Practice and Ethical Conduct: Overriding values: independence, integrity, confidentiality
  ≡ƒôÄ Found 14 authority sources
  Γ£ì v1 (The Senior Counsel) attempt 1...
    Γ£à 2375 words, 7 sections, 0 authorities cited, $0.0316

[34/297] ≡ƒôû ATP106 Week 4: Front Office Services: Office location, layout, types of offices
  ≡ƒôÄ Found 10 authority sources
  Γ£ì v1 (The Senior Counsel) attempt 1...
    ΓÅ│ Retrying in 5s...
    Γ¥î Attempt 1 failed: Generated content too short (0 chars)
  Γ£ì v1 (The Senior Counsel) attempt 2...
    Γ£à 2564 words, 10 sections, 0 authorities cited, $0.0318

[35/297] ≡ƒôû ATP107 Week 4: Historical and Legal Framework: Categories of land, tenure, estates and interests
  ≡ƒôÄ Found 2 authority sources
  Γ£ì v1 (The Senior Counsel) attempt 1...
    Γ£à 2674 words, 10 sections, 9 authorities cited, $0.0316

[36/297] ≡ƒôû ATP108 Week 4: Companies ΓÇô Charges and Beneficial Ownership: Company charges, registration, beneficial ownership
  ≡ƒôÄ Found 15 authority sources
  Γ£ì v1 (The Senior Counsel) attempt 1...
    Γ¥î Attempt 1 failed: Generated content too short (0 chars)
    ΓÅ│ Retrying in 5s...
  Γ£ì v1 (The Senior Counsel) attempt 2...
    Γ¥î Attempt 2 failed: Generated content too short (0 chars)
    ΓÅ│ Retrying in 5s...
  Γ£ì v1 (The Senior Counsel) attempt 3...
    Γ¥î Attempt 3 failed: Generated content too short (0 chars)

[37/297] ≡ƒôû ATP100 Week 5: Courts and Jurisdiction: Constitutional and statutory jurisdiction, forum vs venue
  ≡ƒôÄ Found 14 authority sources
  Γ£ì v1 (The Senior Counsel) attempt 1...
    Γ¥î Attempt 1 failed: Generated content too short (0 chars)
    ΓÅ│ Retrying in 5s...
  Γ£ì v1 (The Senior Counsel) attempt 2...
    Γ¥î Attempt 2 failed: Generated content too short (0 chars)
    ΓÅ│ Retrying in 5s...
  Γ£ì v1 (The Senior Counsel) attempt 3...
    Γ£à 2517 words, 8 sections, 0 authorities cited, $0.0360

[38/297] ≡ƒôû ATP101 Week 5: Arrests: Arrest with warrant; rights of arrested persons
  ≡ƒôÄ Found 0 authority sources
  Γ£ì v1 (The Senior Counsel) attempt 1...
    Γ£à 2624 words, 9 sections, 3 authorities cited, $0.0313

[39/297] ≡ƒôû ATP102 Week 5: Testate Succession ΓÇô Wills and Codicils: Execution, concurrent wills, capacity
  ≡ƒôÄ Found 7 authority sources
  Γ£ì v1 (The Senior Counsel) attempt 1...
    Γ£à 2549 words, 12 sections, 6 authorities cited, $0.0324

[40/297] ≡ƒôû ATP103 Week 5: Process of Effective Writing: Psychology of writing, outlines, drafting, revising, editing
  ≡ƒôÄ Found 14 authority sources
  Γ£ì v1 (The Senior Counsel) attempt 1...
    Γ£à 2557 words, 9 sections, 0 authorities cited, $0.0387

[41/297] ≡ƒôû ATP104 Week 5: Qualities of a Good Trial Lawyer: Clarity, honesty, judgment, objectivity, courage
  ≡ƒôÄ Found 0 authority sources
  Γ£ì v1 (The Senior Counsel) attempt 1...
    Γ£à 2718 words, 8 sections, 10 authorities cited, $0.0299

[42/297] ≡ƒôû ATP105 Week 5: Professional Practice and Ethical Conduct: SOPPEC overview: Standards 1-12
  ≡ƒôÄ Found 14 authority sources
  Γ£ì v1 (The Senior Counsel) attempt 1...
    Γ£à 2656 words, 14 sections, 0 authorities cited, $0.0359

[43/297] ≡ƒôû ATP106 Week 5: Front Office Services: Customer service management, ICT in service delivery
  ≡ƒôÄ Found 10 authority sources
  Γ£ì v1 (The Senior Counsel) attempt 1...
    Γ£à 2428 words, 13 sections, 0 authorities cited, $0.0297

[44/297] ≡ƒôû ATP107 Week 5: Pre-Contract Stage and Client Interview: Instructions, parties, power of attorney, due diligence
  ≡ƒôÄ Found 0 authority sources
  Γ£ì v1 (The Senior Counsel) attempt 1...
    Γ£à 2623 words, 14 sections, 9 authorities cited, $0.0304

[45/297] ≡ƒôû ATP108 Week 5: Partnerships ΓÇô Forms and Incorporation: Types of partnerships; statutory compliance
  ≡ƒôÄ Found 4 authority sources
  Γ£ì v1 (The Senior Counsel) attempt 1...
    Γ£à 2554 words, 10 sections, 1 authorities cited, $0.0318

[46/297] ≡ƒôû ATP100 Week 6: The Overriding Objective in Civil Litigation: Concept, application, and sanctions
  ≡ƒôÄ Found 1 authority sources
  Γ£ì v1 (The Senior Counsel) attempt 1...
    Γ£à 2495 words, 10 sections, 8 authorities cited, $0.0286

[47/297] ≡ƒôû ATP101 Week 6: Identification Parades: Conduct and procedures of ID parades
  ≡ƒôÄ Found 4 authority sources
  Γ£ì v1 (The Senior Counsel) attempt 1...
    Γ£à 2617 words, 12 sections, 4 authorities cited, $0.0315

[48/297] ≡ƒôû ATP102 Week 6: Drawing of Valid Wills: Drafting practice: will structure and content
  ≡ƒôÄ Found 0 authority sources
  Γ£ì v1 (The Senior Counsel) attempt 1...
    Γ£à 2814 words, 16 sections, 6 authorities cited, $0.0330

[49/297] ≡ƒôû ATP103 Week 6: Paragraphing: Function, unity, coherence, topic and concluding sentences
  ≡ƒôÄ Found 0 authority sources
  Γ£ì v1 (The Senior Counsel) attempt 1...
    Γ£à 2621 words, 9 sections, 3 authorities cited, $0.0307

[50/297] ≡ƒôû ATP104 Week 6: Qualities of a Good Trial Lawyer: Alertness, tenacity, sincerity, humanity
  ≡ƒôÄ Found 0 authority sources
  Γ£ì v1 (The Senior Counsel) attempt 1...
    Γ£à 2838 words, 7 sections, 18 authorities cited, $0.0313

[51/297] ≡ƒôû ATP105 Week 6: Fidelity to the Law: Officers of court; duty of candour; limits of zealous advocacy
  ≡ƒôÄ Found 8 authority sources
  Γ£ì v1 (The Senior Counsel) attempt 1...
    Γ£à 2590 words, 10 sections, 4 authorities cited, $0.0328

[52/297] ≡ƒôû ATP106 Week 6: Standards, Policies and Procedures: Standards, policies, systems applicable in law offices
  ≡ƒôÄ Found 1 authority sources
  Γ£ì v1 (The Senior Counsel) attempt 1...
    Γ£à 2615 words, 15 sections, 0 authorities cited, $0.0302

[53/297] ≡ƒôû ATP107 Week 6: The Contract Stage: Law of contract basics; parts of sale agreement
  ≡ƒôÄ Found 14 authority sources
  Γ£ì v1 (The Senior Counsel) attempt 1...
    Γ£à 2600 words, 16 sections, 5 authorities cited, $0.0355

[54/297] ≡ƒôû ATP108 Week 6: Partnerships ΓÇô Deed, Property and Dissolution: Partnership deed drafting; property; dissolution
  ≡ƒôÄ Found 4 authority sources
  Γ£ì v1 (The Senior Counsel) attempt 1...
    ΓÅ│ Retrying in 5s...
    Γ¥î Attempt 1 failed: Generated content too short (0 chars)
  Γ£ì v1 (The Senior Counsel) attempt 2...
    Γ¥î Attempt 2 failed: Generated content too short (0 chars)
    ΓÅ│ Retrying in 5s...
  Γ£ì v1 (The Senior Counsel) attempt 3...
    Γ¥î Attempt 3 failed: Generated content too short (0 chars)

[55/297] ≡ƒôû ATP100 Week 7: Parties to a Suit: Joinder, mis-joinder, third party
  ≡ƒôÄ Found 14 authority sources
  Γ£ì v1 (The Senior Counsel) attempt 1...
    Γ¥î Attempt 1 failed: Generated content too short (0 chars)
    ΓÅ│ Retrying in 5s...
  Γ£ì v1 (The Senior Counsel) attempt 2...
    Γ£à 2484 words, 12 sections, 2 authorities cited, $0.0333

[56/297] ≡ƒôû ATP101 Week 7: Identification Parades: Production of ID parade evidence
  ≡ƒôÄ Found 4 authority sources
  Γ£ì v1 (The Senior Counsel) attempt 1...
    Γ£à 2779 words, 13 sections, 3 authorities cited, $0.0321

[57/297] ≡ƒôû ATP102 Week 7: Drawing of Valid Wills: Who may not be left out; drafting codicils
  ≡ƒôÄ Found 0 authority sources
  Γ£ì v1 (The Senior Counsel) attempt 1...
    Γ¥î Attempt 1 failed: Generated content too short (0 chars)
    ΓÅ│ Retrying in 5s...
  Γ£ì v1 (The Senior Counsel) attempt 2...
    Γ£à 2700 words, 12 sections, 8 authorities cited, $0.0319

[58/297] ≡ƒôû ATP103 Week 7: Sentences and Voice in Legal Writing: Active/passive voice, action verbs, sentence length
  ≡ƒôÄ Found 0 authority sources
  Γ£ì v1 (The Senior Counsel) attempt 1...
    Γ£à 2529 words, 11 sections, 9 authorities cited, $0.0295

[59/297] ≡ƒôû ATP104 Week 7: General Ethical Duties of Trial Lawyers: Duties to client, opposing counsel, witnesses
  ≡ƒôÄ Found 7 authority sources
  Γ£ì v1 (The Senior Counsel) attempt 1...
    Γ£à 2864 words, 9 sections, 0 authorities cited, $0.0357

[60/297] ≡ƒôû ATP105 Week 7: Role of a Lawyer in Kenyan Society: LSK and politics; administration of justice; mentorship
  ≡ƒôÄ Found 14 authority sources
  Γ£ì v1 (The Senior Counsel) attempt 1...
    Γ£à 2286 words, 8 sections, 0 authorities cited, $0.0327

[61/297] ≡ƒôû ATP106 Week 7: Information and Communication Technology: Automation, computer literacy, document management
  ≡ƒôÄ Found 14 authority sources
  Γ£ì v1 (The Senior Counsel) attempt 1...
    Γ£à 2488 words, 10 sections, 2 authorities cited, $0.0313

[62/297] ≡ƒôû ATP107 Week 7: The Contract Stage: Conditions of sale, deposit, completion, professional undertakings
  ≡ƒôÄ Found 14 authority sources
  Γ£ì v1 (The Senior Counsel) attempt 1...
    Γ£à 2865 words, 12 sections, 2 authorities cited, $0.0366

[63/297] ≡ƒôû ATP108 Week 7: Mergers and Take-overs ΓÇô Framework: Legal framework; term sheet; due diligence
  ≡ƒôÄ Found 1 authority sources
  Γ£ì v1 (The Senior Counsel) attempt 1...
    Γ£à 2439 words, 8 sections, 2 authorities cited, $0.0314

[64/297] ≡ƒôû ATP100 Week 8: Parties to a Suit: Interested party, interpleader, amicus curiae
  ≡ƒôÄ Found 14 authority sources
  Γ£ì v1 (The Senior Counsel) attempt 1...
    Γ£à 2633 words, 10 sections, 0 authorities cited, $0.0339

[65/297] ≡ƒôû ATP101 Week 8: Preparation of Files for Trial: Police/Prosecution file contents
  ≡ƒôÄ Found 1 authority sources
  Γ£ì v1 (The Senior Counsel) attempt 1...
    Γ£à 2075 words, 7 sections, 2 authorities cited, $0.0261

[66/297] ≡ƒôû ATP102 Week 8: Revocation, Alteration and Revival of Wills: Express revocation, by marriage, by destruction
  ≡ƒôÄ Found 0 authority sources
  Γ£ì v1 (The Senior Counsel) attempt 1...
    Γ£à 2686 words, 12 sections, 9 authorities cited, $0.0297

[67/297] ≡ƒôû ATP103 Week 8: Transitions: Generic, orienting, and substantive transitions
  ≡ƒôÄ Found 0 authority sources
  Γ£ì v1 (The Senior Counsel) attempt 1...
    Γ£à 2313 words, 10 sections, 3 authorities cited, $0.0270

[68/297] ≡ƒôû ATP104 Week 8: General Ethical Duties of Trial Lawyers: Duty to court and administration of justice
  ≡ƒôÄ Found 7 authority sources
  Γ£ì v1 (The Senior Counsel) attempt 1...
    Γ¥î Attempt 1 failed: Generated content too short (0 chars)
    ΓÅ│ Retrying in 5s...
  Γ£ì v1 (The Senior Counsel) attempt 2...
    Γ£à 2633 words, 11 sections, 0 authorities cited, $0.0325

[69/297] ≡ƒôû ATP105 Week 8: Role of a Lawyer in Kenyan Society: AML obligations; victim representation; pro bono
  ≡ƒôÄ Found 14 authority sources
  Γ£ì v1 (The Senior Counsel) attempt 1...
    Γ£à 2433 words, 9 sections, 1 authorities cited, $0.0336

[70/297] ≡ƒôû ATP106 Week 8: Record Management: Filing systems, modern technology in records, disposal
  ≡ƒôÄ Found 10 authority sources
  Γ£ì v1 (The Senior Counsel) attempt 1...
    Γ£à 2720 words, 12 sections, 0 authorities cited, $0.0352

[71/297] ≡ƒôû ATP107 Week 8: Other Forms of Disposition: Auction, off-plan, sub-lease, sectional, community land
  ≡ƒôÄ Found 14 authority sources
  Γ£ì v1 (The Senior Counsel) attempt 1...
    Γ£à 2644 words, 10 sections, 2 authorities cited, $0.0352

[72/297] ≡ƒôû ATP108 Week 8: Mergers ΓÇô Notification and Thresholds: Disclosure, notifiable mergers, CAK thresholds, COMESA
  ≡ƒôÄ Found 1 authority sources
  Γ£ì v1 (The Senior Counsel) attempt 1...
    Γ£à 2392 words, 14 sections, 8 authorities cited, $0.0268

[73/297] ≡ƒôû ATP100 Week 9: Parties to a Suit: Representative suits and persons of unsound mind
  ≡ƒôÄ Found 14 authority sources
  Γ£ì v1 (The Senior Counsel) attempt 1...
    Γ£à 2801 words, 12 sections, 0 authorities cited, $0.0355

[74/297] ≡ƒôû ATP101 Week 9: Preparation of Files for Trial: Advocates file and court file
  ≡ƒôÄ Found 1 authority sources
  Γ£ì v1 (The Senior Counsel) attempt 1...
    Γ£à 2317 words, 13 sections, 2 authorities cited, $0.0281

[75/297] ≡ƒôû ATP102 Week 9: Revocation, Alteration and Revival of Wills: Alteration by other wills/codicils, revival
  ≡ƒôÄ Found 0 authority sources
  Γ£ì v1 (The Senior Counsel) attempt 1...
    Γ£à 2948 words, 13 sections, 7 authorities cited, $0.0327

[76/297] ≡ƒôû ATP103 Week 9: Advanced Legal Research and Analysis: Research skills applied to legal writing
  ≡ƒôÄ Found 11 authority sources
  Γ£ì v1 (The Senior Counsel) attempt 1...
    Γ£à 2536 words, 13 sections, 0 authorities cited, $0.0318

[77/297] ≡ƒôû ATP104 Week 9: Conflict of Interest in Trial Advocacy: Cab Rank rule, voluntary disqualification
  ≡ƒôÄ Found 10 authority sources
  Γ£ì v1 (The Senior Counsel) attempt 1...
    Γ£à 2613 words, 10 sections, 0 authorities cited, $0.0315

[78/297] ≡ƒôû ATP105 Week 9: Confidentiality and Privilege: Duty of confidentiality; advocate-client privilege
  ≡ƒôÄ Found 0 authority sources
  Γ£ì v1 (The Senior Counsel) attempt 1...
    Γ£à 2591 words, 13 sections, 5 authorities cited, $0.0278

[79/297] ≡ƒôû ATP106 Week 9: Supply Chain Management: Stock control, procurement, disposal
  ≡ƒôÄ Found 13 authority sources
  Γ£ì v1 (The Senior Counsel) attempt 1...
    Γ£à 2495 words, 10 sections, 1 authorities cited, $0.0342

[80/297] ≡ƒôû ATP107 Week 9: Transfer and Registration: Voluntary transfers, requirements, transfer forms
  ≡ƒôÄ Found 10 authority sources
  Γ£ì v1 (The Senior Counsel) attempt 1...
    Γ£à 2878 words, 15 sections, 4 authorities cited, $0.0377

[81/297] ≡ƒôû ATP108 Week 9: Take-overs ΓÇô Listed Companies: Listed company take-over procedures
  ≡ƒôÄ Found 1 authority sources
  Γ£ì v1 (The Senior Counsel) attempt 1...
    Γ£à 2120 words, 20 sections, 0 authorities cited, $0.0229

[82/297] ≡ƒôû ATP100 Week 10: Commencement of Suits: Pleadings: Plaint, Statement of Claim, OS, Petition
  ≡ƒôÄ Found 1 authority sources
  Γ£ì v1 (The Senior Counsel) attempt 1...
    ΓÅ│ Retrying in 5s...
    Γ¥î Attempt 1 failed: Generated content too short (0 chars)
  Γ£ì v1 (The Senior Counsel) attempt 2...
    Γ£à 2612 words, 9 sections, 9 authorities cited, $0.0339

[83/297] ≡ƒôû ATP101 Week 10: Complaint and Charge: Methods and rules of framing charges
  ≡ƒôÄ Found 12 authority sources
  Γ£ì v1 (The Senior Counsel) attempt 1...
    Γ£à 2652 words, 13 sections, 13 authorities cited, $0.0352

[84/297] ≡ƒôû ATP102 Week 10: Proof of Wills: Proof of oral and written wills
  ≡ƒôÄ Found 2 authority sources
  Γ£ì v1 (The Senior Counsel) attempt 1...
    Γ£à 2504 words, 10 sections, 4 authorities cited, $0.0278

[85/297] ≡ƒôû ATP103 Week 10: Case Briefs: Elements and purpose of case briefing
  ≡ƒôÄ Found 10 authority sources
  Γ£ì v1 (The Senior Counsel) attempt 1...
    Γ£à 2359 words, 12 sections, 0 authorities cited, $0.0320

[86/297] ≡ƒôû ATP104 Week 10: Conflict of Interest in Trial Advocacy: Compelled disqualification scenarios
  ≡ƒôÄ Found 10 authority sources
  Γ£ì v1 (The Senior Counsel) attempt 1...
    Γ£à 2882 words, 12 sections, 1 authorities cited, $0.0338

[87/297] ≡ƒôû ATP105 Week 10: Professional Undertakings: Definition, four elements, due diligence, liability
  ≡ƒôÄ Found 14 authority sources
  Γ£ì v1 (The Senior Counsel) attempt 1...
    Γ¥î Attempt 1 failed: Generated content too short (0 chars)
    ΓÅ│ Retrying in 5s...
  Γ£ì v1 (The Senior Counsel) attempt 2...
    Γ£à 2890 words, 14 sections, 2 authorities cited, $0.0378

[88/297] ≡ƒôû ATP106 Week 10: Safety, Security and Disaster Management: Continuity planning, disaster recovery
  ≡ƒôÄ Found 1 authority sources
  Γ£ì v1 (The Senior Counsel) attempt 1...
    Γ£à 2458 words, 12 sections, 4 authorities cited, $0.0289

[89/297] ≡ƒôû ATP107 Week 10: Transfer and Registration: Freehold, leasehold, charge transfers; sectional properties
  ≡ƒôÄ Found 10 authority sources
  Γ£ì v1 (The Senior Counsel) attempt 1...
    Γ£à 2730 words, 11 sections, 2 authorities cited, $0.0364

[90/297] ≡ƒôû ATP108 Week 10: Take-overs ΓÇô Minority Rights: Rights of minorities; defenses to take-overs
  ≡ƒôÄ Found 1 authority sources
  Γ£ì v1 (The Senior Counsel) attempt 1...
    Γ£à 2400 words, 15 sections, 0 authorities cited, $0.0265

[91/297] ≡ƒôû ATP100 Week 11: Commencement of Suits: Defence, counter-claim, affidavits, service of process
  ≡ƒôÄ Found 1 authority sources
  Γ£ì v1 (The Senior Counsel) attempt 1...
    Γ£à 2473 words, 9 sections, 3 authorities cited, $0.0296

[92/297] ≡ƒôû ATP101 Week 11: Complaint and Charge: Defects in drafting: duplicity, lack of ingredients
  ≡ƒôÄ Found 12 authority sources
  Γ£ì v1 (The Senior Counsel) attempt 1...
    Γ£à 2680 words, 10 sections, 7 authorities cited, $0.0352

[93/297] ≡ƒôû ATP102 Week 11: Objection to Wills: Propounding, grounds for objection, procedure
  ≡ƒôÄ Found 2 authority sources
  Γ£ì v1 (The Senior Counsel) attempt 1...
    Γ£à 2700 words, 9 sections, 0 authorities cited, $0.0312

[94/297] ≡ƒôû ATP103 Week 11: Case Analysis: Case briefs vs case analysis, analytical frameworks
  ≡ƒôÄ Found 10 authority sources
  Γ£ì v1 (The Senior Counsel) attempt 1...
    Γ£à 2185 words, 12 sections, 0 authorities cited, $0.0291

[95/297] ≡ƒôû ATP104 Week 11: Conflict of Interest in Trial Advocacy: Judicial officers: voluntary recusal, disqualification upon application
  ≡ƒôÄ Found 10 authority sources
  Γ£ì v1 (The Senior Counsel) attempt 1...
    Γ£à 2590 words, 11 sections, 0 authorities cited, $0.0323

[96/297] ≡ƒôû ATP105 Week 11: Professional Undertakings: Consequences of breach; enforcement procedure
  ≡ƒôÄ Found 14 authority sources
  Γ£ì v1 (The Senior Counsel) attempt 1...
    Γ£à 2599 words, 11 sections, 1 authorities cited, $0.0358

[97/297] ≡ƒôû ATP106 Week 11: Discrimination and Sexual Harassment: Types, ingredients for charge, addressing discrimination
  ≡ƒôÄ Found 0 authority sources
  Γ£ì v1 (The Senior Counsel) attempt 1...
    Γ£à 2478 words, 11 sections, 6 authorities cited, $0.0280

[98/297] ≡ƒôû ATP107 Week 11: Completion Documents: Land Control Board consent, spousal consent, clearance certificates
  ≡ƒôÄ Found 0 authority sources
  Γ£ì v1 (The Senior Counsel) attempt 1...
    Γ£à 2894 words, 18 sections, 7 authorities cited, $0.0321

[99/297] ≡ƒôû ATP108 Week 11: Share Transfers: Share transfer process and documentation
  ≡ƒôÄ Found 10 authority sources
  Γ£ì v1 (The Senior Counsel) attempt 1...
    Γ£à 2640 words, 9 sections, 0 authorities cited, $0.0350

[100/297] ≡ƒôû ATP100 Week 12: Interlocutory Applications: Injunctions (Order 40), Mareva, Anton Piller
  ≡ƒôÄ Found 0 authority sources
  Γ£ì v1 (The Senior Counsel) attempt 1...
    Γ£à 2574 words, 15 sections, 5 authorities cited, $0.0308

[101/297] ≡ƒôû ATP101 Week 12: Complaint and Charge: Capital, alternative charges, conspiracy, attempts
  ≡ƒôÄ Found 12 authority sources
  Γ£ì v1 (The Senior Counsel) attempt 1...
    Γ£à 2612 words, 9 sections, 10 authorities cited, $0.0355

[102/297] ≡ƒôû ATP102 Week 12: Application for Reasonable Provision (Testate): Dependants S.26-30, procedure
  ≡ƒôÄ Found 14 authority sources
  Γ£ì v1 (The Senior Counsel) attempt 1...
    Γ£à 2788 words, 11 sections, 7 authorities cited, $0.0344

[103/297] ≡ƒôû ATP103 Week 12: Introduction to Legal Drafting: Definition, stages of drafting a legal document
  ≡ƒôÄ Found 15 authority sources
  Γ£ì v1 (The Senior Counsel) attempt 1...
    ΓÅ│ Retrying in 5s...
    Γ¥î Attempt 1 failed: Generated content too short (0 chars)
  Γ£ì v1 (The Senior Counsel) attempt 2...
    Γ¥î Attempt 2 failed: Generated content too short (0 chars)
    ΓÅ│ Retrying in 5s...
  Γ£ì v1 (The Senior Counsel) attempt 3...
    Γ£à 2698 words, 8 sections, 0 authorities cited, $0.0368

[104/297] ≡ƒôû ATP104 Week 12: Conflict of Interest ΓÇô Judicial Officers: Recusal upon application by a party
  ≡ƒôÄ Found 10 authority sources
  Γ£ì v1 (The Senior Counsel) attempt 1...
    Γ£à 2525 words, 9 sections, 0 authorities cited, $0.0330

[105/297] ≡ƒôû ATP105 Week 12: Conflict of Interest: Defining conflict; Rule 8 Advocates Practice Rules; common situations
  ≡ƒôÄ Found 10 authority sources
  Γ£ì v1 (The Senior Counsel) attempt 1...
    Γ£à 2853 words, 14 sections, 0 authorities cited, $0.0344

[106/297] ≡ƒôû ATP106 Week 12: HR Planning and Management: Strategic HRM, HR planning, ICT in HR
  ≡ƒôÄ Found 14 authority sources
  Γ£ì v1 (The Senior Counsel) attempt 1...
    Γ£à 2287 words, 9 sections, 0 authorities cited, $0.0295

[107/297] ≡ƒôû ATP107 Week 12: Transmissions / Involuntary Transfers: Death, court attachment, vesting orders, insolvency
  ≡ƒôÄ Found 0 authority sources
  Γ£ì v1 (The Senior Counsel) attempt 1...
    Γ£à 2790 words, 10 sections, 10 authorities cited, $0.0311

[108/297] ≡ƒôû ATP108 Week 12: Insolvency/Bankruptcy ΓÇô Applications: Debtor and creditor applications; discharge
  ≡ƒôÄ Found 0 authority sources
  Γ£ì v1 (The Senior Counsel) attempt 1...
    Γ£à 2337 words, 16 sections, 2 authorities cited, $0.0256

[109/297] ≡ƒôû ATP100 Week 13: Interlocutory Applications: Discovery, inspection, summary procedure
  ≡ƒôÄ Found 0 authority sources
  Γ£ì v1 (The Senior Counsel) attempt 1...
    Γ£à 2377 words, 14 sections, 5 authorities cited, $0.0278

[110/297] ≡ƒôû ATP101 Week 13: Complaint and Charge: Joinder of persons/counts, amendment, motion to quash
  ≡ƒôÄ Found 12 authority sources
  Γ£ì v1 (The Senior Counsel) attempt 1...
    Γ£à 2569 words, 12 sections, 0 authorities cited, $0.0350

[111/297] ≡ƒôû ATP102 Week 13: Intestate Succession: Citations, dependents, effect of marriages
  ≡ƒôÄ Found 7 authority sources
  Γ£ì v1 (The Senior Counsel) attempt 1...
    Γ£à 2667 words, 12 sections, 9 authorities cited, $0.0329

[112/297] ≡ƒôû ATP103 Week 13: Drafting Letters and Correspondence: Format, body of letter, letters to client
  ≡ƒôÄ Found 0 authority sources
  Γ£ì v1 (The Senior Counsel) attempt 1...
    Γ£à 2523 words, 12 sections, 3 authorities cited, $0.0315

[113/297] ≡ƒôû ATP104 Week 13: Court Etiquette: Dress, punctuality, introductions, mode of address
  ≡ƒôÄ Found 15 authority sources
  Γ£ì v1 (The Senior Counsel) attempt 1...
    Γ¥î Attempt 1 failed: Generated content too short (0 chars)
    ΓÅ│ Retrying in 5s...
  Γ£ì v1 (The Senior Counsel) attempt 2...
    Γ£à 2748 words, 11 sections, 3 authorities cited, $0.0339

[114/297] ≡ƒôû ATP105 Week 13: Conflict of Interest: Test for disqualification; IBA Guidelines
  ≡ƒôÄ Found 10 authority sources
  Γ£ì v1 (The Senior Counsel) attempt 1...
    Γ¥î Attempt 1 failed: Generated content too short (0 chars)
    ΓÅ│ Retrying in 5s...
  Γ£ì v1 (The Senior Counsel) attempt 2...
    Γ£à 2779 words, 9 sections, 0 authorities cited, $0.0342

[115/297] ≡ƒôû ATP106 Week 13: Job Analysis and Design: Methods of job analysis, competency modelling
  ≡ƒôÄ Found 12 authority sources
  Γ£ì v1 (The Senior Counsel) attempt 1...
    Γ¥î Attempt 1 failed: Generated content too short (0 chars)
    ΓÅ│ Retrying in 5s...
  Γ£ì v1 (The Senior Counsel) attempt 2...
    Γ¥î Attempt 2 failed: Generated content too short (0 chars)
    ΓÅ│ Retrying in 5s...
  Γ£ì v1 (The Senior Counsel) attempt 3...
    Γ£à 2665 words, 9 sections, 1 authorities cited, $0.0364

[116/297] ≡ƒôû ATP107 Week 13: Leases and Tenancies: Definition, essentials, types of tenancies
  ≡ƒôÄ Found 1 authority sources
  Γ£ì v1 (The Senior Counsel) attempt 1...
    Γ£à 2384 words, 20 sections, 4 authorities cited, $0.0284

[117/297] ≡ƒôû ATP108 Week 13: Bankruptcy ΓÇô Alternatives: Voluntary arrangement, summary instalment order, no asset procedure
  ≡ƒôÄ Found 8 authority sources
  Γ£ì v1 (The Senior Counsel) attempt 1...
    Γ£à 2520 words, 8 sections, 0 authorities cited, $0.0326

[118/297] ≡ƒôû ATP100 Week 14: Interlocutory Applications: Striking out, vacation, leave applications
  ≡ƒôÄ Found 0 authority sources
  Γ£ì v1 (The Senior Counsel) attempt 1...
    Γ£à 2831 words, 13 sections, 3 authorities cited, $0.0329

[119/297] ≡ƒôû ATP101 Week 14: Plea and Plea Bargain: Nature of plea, equivocal/unequivocal plea
  ≡ƒôÄ Found 9 authority sources
  Γ£ì v1 (The Senior Counsel) attempt 1...
    Γ£à 2799 words, 11 sections, 3 authorities cited, $0.0330

[120/297] ≡ƒôû ATP102 Week 14: Intestate Succession: Woman under S.3(5), definition of children
  ≡ƒôÄ Found 7 authority sources
  Γ£ì v1 (The Senior Counsel) attempt 1...
    Γ£à 2521 words, 10 sections, 5 authorities cited, $0.0325

[121/297] ≡ƒôû ATP103 Week 14: Drafting Demand Letters: Demand letter structure and content
  ≡ƒôÄ Found 0 authority sources
  Γ£ì v1 (The Senior Counsel) attempt 1...
    Γ£à 2533 words, 13 sections, 6 authorities cited, $0.0306

[122/297] ≡ƒôû ATP104 Week 14: Court Etiquette: Behaviour, witnesses, terminology, humour
  ≡ƒôÄ Found 15 authority sources
  Γ£ì v1 (The Senior Counsel) attempt 1...
    ΓÅ│ Retrying in 5s...
    Γ¥î Attempt 1 failed: Generated content too short (0 chars)
  Γ£ì v1 (The Senior Counsel) attempt 2...
    Γ£à 2614 words, 11 sections, 2 authorities cited, $0.0335

[123/297] ≡ƒôû ATP105 Week 14: Bias and Judicial Recusal: Grounds for recusal; test for bias
  ≡ƒôÄ Found 10 authority sources
  Γ£ì v1 (The Senior Counsel) attempt 1...
    Γ£à 2430 words, 11 sections, 0 authorities cited, $0.0344

[124/297] ≡ƒôû ATP106 Week 14: Recruitment and Selection: Sources, process, selection tools, scientific selection
  ≡ƒôÄ Found 5 authority sources
  Γ£ì v1 (The Senior Counsel) attempt 1...
    Γ£à 2663 words, 9 sections, 1 authorities cited, $0.0326

[125/297] ≡ƒôû ATP107 Week 14: Leases and Tenancies: Registration, covenants, rights of lessor/lessee
  ≡ƒôÄ Found 1 authority sources
  Γ£ì v1 (The Senior Counsel) attempt 1...
    Γ£à 2714 words, 14 sections, 4 authorities cited, $0.0322

[126/297] ≡ƒôû ATP108 Week 14: Corporate Insolvency ΓÇô Liquidation: Members vs creditors voluntary; court liquidation
  ≡ƒôÄ Found 14 authority sources
  Γ£ì v1 (The Senior Counsel) attempt 1...
    Γ£à 2687 words, 11 sections, 1 authorities cited, $0.0351

[127/297] ≡ƒôû ATP100 Week 15: Pre-Trial Process: Framing issues, discovery, case conferencing
  ≡ƒôÄ Found 0 authority sources
  Γ£ì v1 (The Senior Counsel) attempt 1...
    Γ£à 2683 words, 11 sections, 13 authorities cited, $0.0303

[128/297] ≡ƒôû ATP101 Week 15: Plea and Plea Bargain: Plea agreements, autrefois acquit/convict, pardon
  ≡ƒôÄ Found 9 authority sources
  Γ£ì v1 (The Senior Counsel) attempt 1...
    Γ£à 2532 words, 14 sections, 1 authorities cited, $0.0303

[129/297] ≡ƒôû ATP102 Week 15: Protection of Estate: Intermeddling: definition and remedies
  ≡ƒôÄ Found 14 authority sources
  Γ£ì v1 (The Senior Counsel) attempt 1...
    Γ£à 2804 words, 11 sections, 6 authorities cited, $0.0361

[130/297] ≡ƒôû ATP103 Week 15: Drafting Legal Opinions: Preparing to write, writing process, points of content
  ≡ƒôÄ Found 0 authority sources
  Γ£ì v1 (The Senior Counsel) attempt 1...
    Γ£à 2634 words, 14 sections, 3 authorities cited, $0.0320

[131/297] ≡ƒôû ATP104 Week 15: Dimensions, Rules and Psychology of Advocacy: Trial as search for truth; rules of advocacy
  ≡ƒôÄ Found 0 authority sources
  Γ£ì v1 (The Senior Counsel) attempt 1...
    Γ£à 2822 words, 11 sections, 12 authorities cited, $0.0310

[132/297] ≡ƒôû ATP105 Week 15: Competence and Diligence: Professional negligence; CPD; professional indemnity
  ≡ƒôÄ Found 0 authority sources
  Γ£ì v1 (The Senior Counsel) attempt 1...
    Γ£à 2808 words, 17 sections, 8 authorities cited, $0.0324

[133/297] ≡ƒôû ATP106 Week 15: Placement, Socialization and Induction: Principles of placement, forms of induction
  ≡ƒôÄ Found 0 authority sources
  Γ£ì v1 (The Senior Counsel) attempt 1...
    Γ£à 2660 words, 18 sections, 5 authorities cited, $0.0294

[134/297] ≡ƒôû ATP107 Week 15: Controlled Tenancies and Determination: Rent Acts regime; assignments; determination of leases
  ≡ƒôÄ Found 2 authority sources
  Γ£ì v1 (The Senior Counsel) attempt 1...
    Γ£à 2456 words, 11 sections, 7 authorities cited, $0.0301

[135/297] ≡ƒôû ATP108 Week 15: Corporate Insolvency ΓÇô Alternatives: Administration; company voluntary arrangement (CVA)
  ≡ƒôÄ Found 14 authority sources
  Γ£ì v1 (The Senior Counsel) attempt 1...
    Γ£à 2526 words, 8 sections, 2 authorities cited, $0.0340

[136/297] ≡ƒôû ATP100 Week 16: Hearing of Suits: Attendance, order of proceedings, examination of witnesses
  ≡ƒôÄ Found 0 authority sources
  Γ£ì v1 (The Senior Counsel) attempt 1...
    Γ£à 2358 words, 12 sections, 14 authorities cited, $0.0261

[137/297] ≡ƒôû ATP101 Week 16: Bail and Bond: Police bond, anticipatory bail, bail pending trial
  ≡ƒôÄ Found 9 authority sources
  Γ£ì v1 (The Senior Counsel) attempt 1...
    Γ£à 2436 words, 12 sections, 2 authorities cited, $0.0314

[138/297] ≡ƒôû ATP102 Week 16: Intestate Succession ΓÇô Distribution: Distribution of estate under intestacy
  ≡ƒôÄ Found 7 authority sources
  Γ£ì v1 (The Senior Counsel) attempt 1...
    Γ£à 2736 words, 13 sections, 2 authorities cited, $0.0342

[139/297] ≡ƒôû ATP103 Week 16: Drafting Legal Opinions: Style, format, office memorandum
  ≡ƒôÄ Found 0 authority sources
  Γ£ì v1 (The Senior Counsel) attempt 1...
    Γ£à 2392 words, 10 sections, 6 authorities cited, $0.0299

[140/297] ≡ƒôû ATP104 Week 16: Dimensions, Rules and Psychology of Advocacy: Being likeable, sympathy rule, preparation
  ≡ƒôÄ Found 0 authority sources
  Γ£ì v1 (The Senior Counsel) attempt 1...
    Γ£à 2532 words, 8 sections, 6 authorities cited, $0.0282

[141/297] ≡ƒôû ATP105 Week 16: Professional Fee ΓÇô Retainer: Defining retainer; types; letter of engagement
  ≡ƒôÄ Found 14 authority sources
  Γ£ì v1 (The Senior Counsel) attempt 1...
    Γ£à 2662 words, 10 sections, 2 authorities cited, $0.0367

[142/297] ≡ƒôû ATP106 Week 16: Placement, Socialization and Induction: Socialization in the workplace, legal framework
  ≡ƒôÄ Found 0 authority sources
  Γ£ì v1 (The Senior Counsel) attempt 1...
    Γ£à 2436 words, 11 sections, 10 authorities cited, $0.0278

[143/297] ≡ƒôû ATP107 Week 16: Remedies and Relief: Forfeiture, distress for rent, recovery, injunctions
  ≡ƒôÄ Found 1 authority sources
  Γ£ì v1 (The Senior Counsel) attempt 1...
    Γ£à 2242 words, 9 sections, 11 authorities cited, $0.0266

[144/297] ≡ƒôû ATP108 Week 16: Financial Services Regulation: Financial regulation, key players, digital payments
  ≡ƒôÄ Found 14 authority sources
  Γ£ì v1 (The Senior Counsel) attempt 1...
    Γ£à 2565 words, 10 sections, 0 authorities cited, $0.0344

[145/297] ≡ƒôû ATP100 Week 17: Hearing of Suits: Making submissions, withdrawal, discontinuance
  ≡ƒôÄ Found 0 authority sources
  Γ£ì v1 (The Senior Counsel) attempt 1...
    Γ£à 2710 words, 14 sections, 10 authorities cited, $0.0286

[146/297] ≡ƒôû ATP101 Week 17: Bail and Bond: Sureties, forfeitures, recognizance, securities
  ≡ƒôÄ Found 9 authority sources
  Γ£ì v1 (The Senior Counsel) attempt 1...
    Γ£à 2676 words, 14 sections, 0 authorities cited, $0.0334

[147/297] ≡ƒôû ATP102 Week 17: Intestate Succession ΓÇô Special Cases: Community land, nominations, Islamic law
  ≡ƒôÄ Found 7 authority sources
  Γ£ì v1 (The Senior Counsel) attempt 1...
    Γ£à 2335 words, 9 sections, 3 authorities cited, $0.0289

[148/297] ≡ƒôû ATP103 Week 17: Drafting Contracts: Employment contracts, lease agreements
  ≡ƒôÄ Found 0 authority sources
  Γ£ì v1 (The Senior Counsel) attempt 1...
    ΓÅ│ Retrying in 5s...
    Γ¥î Attempt 1 failed: Generated content too short (0 chars)
  Γ£ì v1 (The Senior Counsel) attempt 2...
    Γ¥î Attempt 2 failed: Generated content too short (0 chars)
    ΓÅ│ Retrying in 5s...
  Γ£ì v1 (The Senior Counsel) attempt 3...
    Γ¥î Attempt 3 failed: Generated content too short (0 chars)

[149/297] ≡ƒôû ATP104 Week 17: Preparation for Trial ΓÇô Pre-Trial Advocacy: Client interview, research, demand letter
  ≡ƒôÄ Found 1 authority sources
  Γ£ì v1 (The Senior Counsel) attempt 1...
    Γ£à 2734 words, 8 sections, 13 authorities cited, $0.0320

[150/297] ≡ƒôû ATP105 Week 17: Professional Fee ΓÇô Remuneration: Undercutting; overcharging; bill of costs
  ≡ƒôÄ Found 14 authority sources
  Γ£ì v1 (The Senior Counsel) attempt 1...
    Γ£à 2472 words, 14 sections, 0 authorities cited, $0.0362

[151/297] ≡ƒôû ATP106 Week 17: Training and Development: Conceptual framework, methods, role in legal practice
  ≡ƒôÄ Found 14 authority sources
  Γ£ì v1 (The Senior Counsel) attempt 1...
    Γ£à 2435 words, 12 sections, 0 authorities cited, $0.0342

[152/297] ≡ƒôû ATP107 Week 17: Introduction to Charges: Definition, types: formal/informal, equitable/legal, priority
  ≡ƒôÄ Found 0 authority sources
  Γ£ì v1 (The Senior Counsel) attempt 1...
    Γ£à 2713 words, 11 sections, 3 authorities cited, $0.0312

[153/297] ≡ƒôû ATP108 Week 17: National Payment Systems Act: CBK authority, PSP authorization, risk management
  ≡ƒôÄ Found 14 authority sources
  Γ£ì v1 (The Senior Counsel) attempt 1...
    Γ£à 2250 words, 10 sections, 0 authorities cited, $0.0312

[154/297] ≡ƒôû ATP100 Week 18: Rulings, Orders, Judgements and Decrees: Writing and delivery; extraction of orders
  ≡ƒôÄ Found 0 authority sources
  Γ£ì v1 (The Senior Counsel) attempt 1...
    Γ£à 2749 words, 14 sections, 11 authorities cited, $0.0298

[155/297] ≡ƒôû ATP101 Week 18: Pre-Trial Conferencing: Accused meeting, prosecution communication, witness statements
  ≡ƒôÄ Found 0 authority sources
  Γ£ì v1 (The Senior Counsel) attempt 1...
    Γ£à 2421 words, 11 sections, 6 authorities cited, $0.0288

[156/297] ≡ƒôû ATP103 Week 18: Drafting Contracts: Sale of goods contracts, key clauses
  ≡ƒôÄ Found 0 authority sources
  Γ£ì v1 (The Senior Counsel) attempt 1...
    ΓÅ│ Retrying in 5s...
    Γ¥î Attempt 1 failed: Generated content too short (0 chars)
  Γ£ì v1 (The Senior Counsel) attempt 2...
    Γ£à 2732 words, 16 sections, 17 authorities cited, $0.0322

[157/297] ≡ƒôû ATP104 Week 18: Preparation for Trial ΓÇô Pre-Trial Advocacy: Pre-trial case analysis: objectives, case theory
  ≡ƒôÄ Found 1 authority sources
  Γ£ì v1 (The Senior Counsel) attempt 1...
    Γ£à 2501 words, 10 sections, 3 authorities cited, $0.0301

[158/297] ≡ƒôû ATP105 Week 18: Taxation of Bills of Costs: Principles of taxation; instruction fees; disbursements
  ≡ƒôÄ Found 7 authority sources
  Γ£ì v1 (The Senior Counsel) attempt 1...
    Γ£à 2396 words, 8 sections, 0 authorities cited, $0.0350

[159/297] ≡ƒôû ATP106 Week 18: Training and Development: Approaches and factors limiting training
  ≡ƒôÄ Found 14 authority sources
  Γ£ì v1 (The Senior Counsel) attempt 1...
    Γ£à 2531 words, 12 sections, 0 authorities cited, $0.0363

[160/297] ≡ƒôû ATP107 Week 18: Charges ΓÇô Form and Content: Basic requirements, parts of charge document, execution
  ≡ƒôÄ Found 7 authority sources
  Γ£ì v1 (The Senior Counsel) attempt 1...
    Γ£à 2540 words, 7 sections, 3 authorities cited, $0.0307

[161/297] ≡ƒôû ATP108 Week 18: Data Protection: Principles of data processing; data subject rights; ODPC
  ≡ƒôÄ Found 14 authority sources
  Γ£ì v1 (The Senior Counsel) attempt 1...
    Γ£à 2790 words, 14 sections, 6 authorities cited, $0.0348

[162/297] ≡ƒôû ATP100 Week 19: Rulings, Orders, Judgements and Decrees: Contents of rulings and judgments
  ≡ƒôÄ Found 0 authority sources
  Γ£ì v1 (The Senior Counsel) attempt 1...
    Γ£à 2448 words, 12 sections, 5 authorities cited, $0.0272

[163/297] ≡ƒôû ATP101 Week 19: Trial Process: Right to fair hearing, opening statement, examination
  ≡ƒôÄ Found 15 authority sources
  Γ£ì v1 (The Senior Counsel) attempt 1...
    Γ£à 2574 words, 9 sections, 0 authorities cited, $0.0404

[164/297] ≡ƒôû ATP102 Week 19: Jurisdiction on Succession Matters: Magistrates Courts, HC original and appellate, CA
  ≡ƒôÄ Found 3 authority sources
  Γ£ì v1 (The Senior Counsel) attempt 1...
    Γ£à 2486 words, 10 sections, 5 authorities cited, $0.0290

[165/297] ≡ƒôû ATP103 Week 19: Drafting Affidavits vs Statutory Declarations: Points of content, format, writing process
  ≡ƒôÄ Found 0 authority sources
  Γ£ì v1 (The Senior Counsel) attempt 1...
    Γ£à 2429 words, 16 sections, 2 authorities cited, $0.0316

[166/297] ≡ƒôû ATP104 Week 19: Preparation for Trial ΓÇô Pre-Trial Advocacy: Good/bad facts analysis; practical approach
  ≡ƒôÄ Found 1 authority sources
  Γ£ì v1 (The Senior Counsel) attempt 1...
    Γ£à 2459 words, 13 sections, 6 authorities cited, $0.0301

[167/297] ≡ƒôû ATP105 Week 19: Fiduciary Duty: Champerty; trusts; misappropriation; client accounts
  ≡ƒôÄ Found 0 authority sources
  Γ£ì v1 (The Senior Counsel) attempt 1...
    Γ£à 2331 words, 11 sections, 4 authorities cited, $0.0257

[168/297] ≡ƒôû ATP106 Week 19: Career Development and Management: Stages, planning process, impact on legal practice
  ≡ƒôÄ Found 8 authority sources
  Γ£ì v1 (The Senior Counsel) attempt 1...
    Γ£à 2390 words, 9 sections, 2 authorities cited, $0.0296

[169/297] ≡ƒôû ATP107 Week 19: Remedies of the Chargee: Action for money, receiver, leasing, possession, power of sale
  ≡ƒôÄ Found 1 authority sources
  Γ£ì v1 (The Senior Counsel) attempt 1...
    Γ£à 2514 words, 12 sections, 9 authorities cited, $0.0283

[170/297] ≡ƒôû ATP108 Week 19: Commercial Arrangements ΓÇô JV and Distribution: Joint venture and distributorship agreements
  ≡ƒôÄ Found 14 authority sources
  Γ£ì v1 (The Senior Counsel) attempt 1...
    ΓÅ│ Retrying in 5s...
    Γ¥î Attempt 1 failed: Generated content too short (0 chars)
  Γ£ì v1 (The Senior Counsel) attempt 2...
    Γ£à 2234 words, 12 sections, 0 authorities cited, $0.0305

[171/297] ≡ƒôû ATP100 Week 20: Remedies upon Judgment: Stay of execution, payment in instalments
  ≡ƒôÄ Found 1 authority sources
  Γ£ì v1 (The Senior Counsel) attempt 1...
    Γ£à 2307 words, 13 sections, 7 authorities cited, $0.0275

[172/297] ≡ƒôû ATP101 Week 20: Trial Process: Production of exhibits, trial within a trial
  ≡ƒôÄ Found 15 authority sources
  Γ£ì v1 (The Senior Counsel) attempt 1...
    Γ£à 2880 words, 13 sections, 0 authorities cited, $0.0423

[173/297] ≡ƒôû ATP103 Week 20: Drafting Affidavits vs Statutory Declarations: Distinguishing features, evidentiary use
  ≡ƒôÄ Found 0 authority sources
  Γ£ì v1 (The Senior Counsel) attempt 1...
    ΓÅ│ Retrying in 5s...
    Γ¥î Attempt 1 failed: Generated content too short (0 chars)
  Γ£ì v1 (The Senior Counsel) attempt 2...
    Γ£à 2516 words, 12 sections, 4 authorities cited, $0.0302

[174/297] ≡ƒôû ATP104 Week 20: The Opening Statement: Meaning, statutory basis, objectives
  ≡ƒôÄ Found 0 authority sources
  Γ£ì v1 (The Senior Counsel) attempt 1...
    Γ£à 2916 words, 8 sections, 7 authorities cited, $0.0309

[175/297] ≡ƒôû ATP105 Week 20: The Advocate's Lien: Types: retaining, specific, statutory; limitations
  ≡ƒôÄ Found 0 authority sources
  Γ£ì v1 (The Senior Counsel) attempt 1...
    Γ£à 2874 words, 9 sections, 3 authorities cited, $0.0307

[176/297] ≡ƒôû ATP106 Week 20: Career Development and Management: Emerging trends, legal framework
  ≡ƒôÄ Found 8 authority sources
  Γ£ì v1 (The Senior Counsel) attempt 1...
    Γ¥î Attempt 1 failed: Generated content too short (0 chars)
    ΓÅ│ Retrying in 5s...
  Γ£ì v1 (The Senior Counsel) attempt 2...
    Γ£à 2266 words, 9 sections, 0 authorities cited, $0.0310

[177/297] ≡ƒôû ATP107 Week 20: Remedies of the Chargor: Equity of redemption, notice, variation, discharge
  ≡ƒôÄ Found 1 authority sources
  Γ£ì v1 (The Senior Counsel) attempt 1...
    Γ£à 2535 words, 13 sections, 6 authorities cited, $0.0286

[178/297] ≡ƒôû ATP108 Week 20: Commercial Arrangements ΓÇô Franchise, Guarantee, Trust: Franchise, guarantee, and trust deed agreements
  ≡ƒôÄ Found 14 authority sources
  Γ£ì v1 (The Senior Counsel) attempt 1...
    Γ¥î Attempt 1 failed: Generated content too short (0 chars)
    ΓÅ│ Retrying in 5s...
  Γ£ì v1 (The Senior Counsel) attempt 2...
    Γ¥î Attempt 2 failed: Generated content too short (0 chars)
    ΓÅ│ Retrying in 5s...
  Γ£ì v1 (The Senior Counsel) attempt 3...
    Γ£à 2431 words, 9 sections, 0 authorities cited, $0.0342

[179/297] ≡ƒôû ATP100 Week 21: Execution of Decrees and Orders: Garnishee proceedings, execution against Government
  ≡ƒôÄ Found 3 authority sources
  Γ£ì v1 (The Senior Counsel) attempt 1...
    Γ£à 2362 words, 11 sections, 1 authorities cited, $0.0293

[180/297] ≡ƒôû ATP101 Week 21: Trial Process and Sentencing: Judgment, victim impact, mitigation, sentencing
  ≡ƒôÄ Found 15 authority sources
  Γ£ì v1 (The Senior Counsel) attempt 1...
    Γ£à 2608 words, 11 sections, 0 authorities cited, $0.0407

[181/297] ≡ƒôû ATP103 Week 21: Drafting Deed Polls: Format, points of content, writing process
  ≡ƒôÄ Found 0 authority sources
  Γ£ì v1 (The Senior Counsel) attempt 1...
    Γ£à 2507 words, 12 sections, 2 authorities cited, $0.0298

[182/297] ≡ƒôû ATP104 Week 21: The Opening Statement: Techniques for effective opening
  ≡ƒôÄ Found 0 authority sources
  Γ£ì v1 (The Senior Counsel) attempt 1...
    Γ£à 2491 words, 15 sections, 11 authorities cited, $0.0270

[183/297] ≡ƒôû ATP105 Week 21: The Advocate's Lien: Enforcing liens; no lien before taxation
  ≡ƒôÄ Found 0 authority sources
  Γ£ì v1 (The Senior Counsel) attempt 1...
    Γ£à 2711 words, 10 sections, 5 authorities cited, $0.0285

[184/297] ≡ƒôû ATP106 Week 21: Internal Mobility and Separation: Promotion, transfer, demotion, termination
  ≡ƒôÄ Found 10 authority sources
  Γ£ì v1 (The Senior Counsel) attempt 1...
    Γ¥î Attempt 1 failed: Generated content too short (0 chars)
    ΓÅ│ Retrying in 5s...
  Γ£ì v1 (The Senior Counsel) attempt 2...
    Γ¥î Attempt 2 failed: Generated content too short (0 chars)
    ΓÅ│ Retrying in 5s...
  Γ£ì v1 (The Senior Counsel) attempt 3...
    Γ£à 2358 words, 11 sections, 6 authorities cited, $0.0320

[185/297] ≡ƒôû ATP107 Week 21: Sale by Chargee: Notices, duty of care, application of proceeds
  ≡ƒôÄ Found 15 authority sources
  Γ£ì v1 (The Senior Counsel) attempt 1...
    Γ¥î Attempt 1 failed: Generated content too short (0 chars)
    ΓÅ│ Retrying in 5s...
  Γ£ì v1 (The Senior Counsel) attempt 2...
    Γ£à 2572 words, 13 sections, 5 authorities cited, $0.0330

[186/297] ≡ƒôû ATP108 Week 21: MPSR Security Rights ΓÇô Creation: Creation of security rights in movable property
  ≡ƒôÄ Found 0 authority sources
  Γ£ì v1 (The Senior Counsel) attempt 1...
    Γ£à 2632 words, 13 sections, 2 authorities cited, $0.0299

[187/297] ≡ƒôû ATP100 Week 22: Execution of Decrees and Orders: Notice to show cause, specific property
  ≡ƒôÄ Found 3 authority sources
  Γ£ì v1 (The Senior Counsel) attempt 1...
    Γ£à 2293 words, 9 sections, 5 authorities cited, $0.0291

[188/297] ≡ƒôû ATP101 Week 22: Revision: Criminal revision procedures
  ≡ƒôÄ Found 0 authority sources
  Γ£ì v1 (The Senior Counsel) attempt 1...
    Γ¥î Attempt 1 failed: Generated content too short (0 chars)
    ΓÅ│ Retrying in 5s...
  Γ£ì v1 (The Senior Counsel) attempt 2...
    Γ£à 2934 words, 13 sections, 11 authorities cited, $0.0337

[189/297] ≡ƒôû ATP103 Week 22: Drafting Sessions: Practical group drafting exercises
  ≡ƒôÄ Found 0 authority sources
  Γ£ì v1 (The Senior Counsel) attempt 1...
    Γ£à 2487 words, 12 sections, 5 authorities cited, $0.0303

[190/297] ≡ƒôû ATP105 Week 22: Touting, Marketing, and Advertising: Prohibition of touting; permissible advertising
  ≡ƒôÄ Found 0 authority sources
  Γ£ì v1 (The Senior Counsel) attempt 1...
    Γ£à 2186 words, 13 sections, 2 authorities cited, $0.0252

[191/297] ≡ƒôû ATP106 Week 22: Internal Mobility and Separation: Forms of separation, intervention by ELRC
  ≡ƒôÄ Found 10 authority sources
  Γ£ì v1 (The Senior Counsel) attempt 1...
    Γ£à 2534 words, 10 sections, 0 authorities cited, $0.0365

[192/297] ≡ƒôû ATP107 Week 22: Easements and Analogous Rights: Entry order, access order, easements, profits, covenants
  ≡ƒôÄ Found 0 authority sources
  Γ£ì v1 (The Senior Counsel) attempt 1...
    Γ£à 2608 words, 13 sections, 4 authorities cited, $0.0282

[193/297] ≡ƒôû ATP108 Week 22: Security Rights ΓÇô Perfection: Perfection of security rights
  ≡ƒôÄ Found 14 authority sources
  Γ£ì v1 (The Senior Counsel) attempt 1...
    Γ£à 2554 words, 14 sections, 0 authorities cited, $0.0324

[194/297] ≡ƒôû ATP100 Week 23: Review: Nature, scope, grounds, procedure for review
  ≡ƒôÄ Found 0 authority sources
  Γ£ì v1 (The Senior Counsel) attempt 1...
    Γ£à 2844 words, 14 sections, 3 authorities cited, $0.0312

[195/297] ≡ƒôû ATP101 Week 23: Revision: Revision practice and procedure
  ≡ƒôÄ Found 0 authority sources
  Γ£ì v1 (The Senior Counsel) attempt 1...
    Γ£à 2765 words, 12 sections, 7 authorities cited, $0.0320

[196/297] ≡ƒôû ATP103 Week 23: Introduction to Legislative Drafting: Role of drafter, legislative process, challenges
  ≡ƒôÄ Found 1 authority sources
  Γ£ì v1 (The Senior Counsel) attempt 1...
    Γ£à 2587 words, 11 sections, 0 authorities cited, $0.0319

[197/297] ≡ƒôû ATP104 Week 23: Examination-in-Chief: Meaning, statutory basis, case law
  ≡ƒôÄ Found 0 authority sources
  Γ£ì v1 (The Senior Counsel) attempt 1...
    Γ£à 3028 words, 8 sections, 20 authorities cited, $0.0325

[198/297] ≡ƒôû ATP105 Week 23: Practicing Certificate and CPDs: S.9(c), S.34 Advocates Act; consequences of acting without
  ≡ƒôÄ Found 8 authority sources
  Γ£ì v1 (The Senior Counsel) attempt 1...
    Γ£à 2667 words, 10 sections, 10 authorities cited, $0.0344

[199/297] ≡ƒôû ATP106 Week 23: Conceptual Framework of Accounting: Definition, objectives, principles, IFRS1
  ≡ƒôÄ Found 0 authority sources
  Γ£ì v1 (The Senior Counsel) attempt 1...
    Γ£à 2232 words, 9 sections, 1 authorities cited, $0.0246

[200/297] ≡ƒôû ATP107 Week 23: Cautions, Inhibitions and Restrictions: Definition, procedure for lodging and removing
  ≡ƒôÄ Found 0 authority sources
  Γ£ì v1 (The Senior Counsel) attempt 1...
    Γ£à 2823 words, 11 sections, 8 authorities cited, $0.0333

[201/297] ≡ƒôû ATP108 Week 23: Security Rights ΓÇô Registration and Priorities: Registration effect; third parties; priorities
  ≡ƒôÄ Found 14 authority sources
  Γ£ì v1 (The Senior Counsel) attempt 1...
    Γ£à 2663 words, 13 sections, 0 authorities cited, $0.0344

[202/297] ≡ƒôû ATP100 Week 24: Appeals: Right of appeal, time limits, parties
  ≡ƒôÄ Found 0 authority sources
  Γ£ì v1 (The Senior Counsel) attempt 1...
    Γ£à 2724 words, 11 sections, 6 authorities cited, $0.0317

[203/297] ≡ƒôû ATP101 Week 24: Appellate Jurisdiction: Right of appeal; appeal from Magistrates to High Court
  ≡ƒôÄ Found 1 authority sources
  Γ£ì v1 (The Senior Counsel) attempt 1...
    Γ£à 2768 words, 14 sections, 8 authorities cited, $0.0319

[204/297] ≡ƒôû ATP103 Week 24: Introduction to Legislative Drafting: Qualities of a good draftsperson
  ≡ƒôÄ Found 1 authority sources
  Γ£ì v1 (The Senior Counsel) attempt 1...
    Γ£à 2346 words, 15 sections, 0 authorities cited, $0.0293

[205/297] ≡ƒôû ATP104 Week 24: Examination-in-Chief: Objectives and techniques
  ≡ƒôÄ Found 0 authority sources
  Γ£ì v1 (The Senior Counsel) attempt 1...
    ΓÅ│ Retrying in 5s...
    Γ¥î Attempt 1 failed: Generated content too short (0 chars)
  Γ£ì v1 (The Senior Counsel) attempt 2...
    Γ£à 2728 words, 15 sections, 9 authorities cited, $0.0297

[206/297] ≡ƒôû ATP105 Week 24: Conduct in Other Sectors: Judicial officers; AG; ODPP; county attorneys; in-house counsel
  ≡ƒôÄ Found 14 authority sources
  Γ£ì v1 (The Senior Counsel) attempt 1...
    Γ£à 2487 words, 10 sections, 0 authorities cited, $0.0357

[207/297] ≡ƒôû ATP106 Week 24: Book Keeping and End Year Adjustments: Accounting equation, T accounts, journalizing
  ≡ƒôÄ Found 14 authority sources
  Γ£ì v1 (The Senior Counsel) attempt 1...
    Γ£à 2572 words, 11 sections, 1 authorities cited, $0.0345

[208/297] ≡ƒôû ATP107 Week 24: Taxation on Instruments: Stamp duty computation, CGT, VAT, land rent/rates
  ≡ƒôÄ Found 7 authority sources
  Γ£ì v1 (The Senior Counsel) attempt 1...
    Γ£à 2255 words, 8 sections, 2 authorities cited, $0.0334

[209/297] ≡ƒôû ATP108 Week 24: Security Rights ΓÇô Enforcement: Enforcement of security rights
  ≡ƒôÄ Found 14 authority sources
  Γ£ì v1 (The Senior Counsel) attempt 1...
    Γ£à 2235 words, 12 sections, 1 authorities cited, $0.0294

[210/297] ≡ƒôû ATP100 Week 25: Appeals: Appeals: High Court to Court of Appeal to Supreme Court
  ≡ƒôÄ Found 0 authority sources
  Γ£ì v1 (The Senior Counsel) attempt 1...
    ΓÅ│ Retrying in 5s...
    Γ¥î Attempt 1 failed: Generated content too short (0 chars)
  Γ£ì v1 (The Senior Counsel) attempt 2...
    Γ¥î Attempt 2 failed: Generated content too short (0 chars)
    ΓÅ│ Retrying in 5s...
  Γ£ì v1 (The Senior Counsel) attempt 3...
    Γ£à 2469 words, 10 sections, 3 authorities cited, $0.0323

[211/297] ≡ƒôû ATP101 Week 25: Appellate Jurisdiction: Appeal from HC to CA to Supreme Court
  ≡ƒôÄ Found 1 authority sources
  Γ£ì v1 (The Senior Counsel) attempt 1...
    Γ£à 2804 words, 13 sections, 12 authorities cited, $0.0328

[212/297] ≡ƒôû ATP102 Week 25: Petition for Grant of Letters of Administration: Who may take out grants, petitions
  ≡ƒôÄ Found 14 authority sources
  Γ£ì v1 (The Senior Counsel) attempt 1...
    Γ£à 2525 words, 10 sections, 11 authorities cited, $0.0353

[213/297] ≡ƒôû ATP103 Week 25: Key Reference Legislations: Tools for the drafter, drafting instructions
  ≡ƒôÄ Found 10 authority sources
  Γ£ì v1 (The Senior Counsel) attempt 1...
    Γ¥î Attempt 1 failed: Generated content too short (0 chars)
    ΓÅ│ Retrying in 5s...
  Γ£ì v1 (The Senior Counsel) attempt 2...
    Γ£à 2497 words, 12 sections, 0 authorities cited, $0.0322

[214/297] ≡ƒôû ATP104 Week 25: Examination-in-Chief: Lay and expert witnesses; presentation of exhibits
  ≡ƒôÄ Found 0 authority sources
  Γ£ì v1 (The Senior Counsel) attempt 1...
    Γ£à 3125 words, 15 sections, 24 authorities cited, $0.0329

[215/297] ≡ƒôû ATP105 Week 25: Contempt of Court: Civil vs criminal contempt; sources of power to punish
  ≡ƒôÄ Found 4 authority sources
  Γ£ì v1 (The Senior Counsel) attempt 1...
    Γ¥î Attempt 1 failed: Generated content too short (0 chars)
    ΓÅ│ Retrying in 5s...
  Γ£ì v1 (The Senior Counsel) attempt 2...
    Γ¥î Attempt 2 failed: Generated content too short (0 chars)
    ΓÅ│ Retrying in 5s...
  Γ£ì v1 (The Senior Counsel) attempt 3...
    Γ¥î Attempt 3 failed: Generated content too short (0 chars)

[216/297] ≡ƒôû ATP106 Week 25: Book Keeping and End Year Adjustments: Trial balance, end year adjustments, error correction
  ≡ƒôÄ Found 14 authority sources
  Γ£ì v1 (The Senior Counsel) attempt 1...
    Γ£à 2587 words, 14 sections, 0 authorities cited, $0.0330

[217/297] ≡ƒôû ATP107 Week 25: Compulsory Acquisition: Process, valuation for compensation
  ≡ƒôÄ Found 5 authority sources
  Γ£ì v1 (The Senior Counsel) attempt 1...
    Γ£à 2417 words, 12 sections, 1 authorities cited, $0.0300

[218/297] ≡ƒôû ATP108 Week 25: Taxation ΓÇô Classification: Introduction to taxation in commerce; classification
  ≡ƒôÄ Found 7 authority sources
  Γ£ì v1 (The Senior Counsel) attempt 1...
    Γ£à 2451 words, 15 sections, 2 authorities cited, $0.0331

[219/297] ≡ƒôû ATP100 Week 26: Appeals: Documents of appeal, stay pending appeal
  ≡ƒôÄ Found 0 authority sources
  Γ£ì v1 (The Senior Counsel) attempt 1...
    Γ¥î Attempt 1 failed: Generated content too short (0 chars)
    ΓÅ│ Retrying in 5s...
  Γ£ì v1 (The Senior Counsel) attempt 2...
    Γ£à 2918 words, 17 sections, 7 authorities cited, $0.0335

[220/297] ≡ƒôû ATP101 Week 26: Specialized Prosecutors: ODPP, specialized prosecution units
  ≡ƒôÄ Found 8 authority sources
  Γ£ì v1 (The Senior Counsel) attempt 1...
    Γ£à 2363 words, 9 sections, 7 authorities cited, $0.0292

[221/297] ≡ƒôû ATP102 Week 26: Petition for Grant of Letters of Administration: Gazettement, simple grant procedure
  ≡ƒôÄ Found 14 authority sources
  Γ£ì v1 (The Senior Counsel) attempt 1...
    Γ£à 2695 words, 13 sections, 2 authorities cited, $0.0348

[222/297] ≡ƒôû ATP103 Week 26: Key Reference Legislations: Designing a legislative solution, policy process
  ≡ƒôÄ Found 10 authority sources
  Γ£ì v1 (The Senior Counsel) attempt 1...
    Γ£à 2371 words, 11 sections, 0 authorities cited, $0.0322

[223/297] ≡ƒôû ATP104 Week 26: Cross-Examination: Meaning, statutory basis, objectives
  ≡ƒôÄ Found 0 authority sources
  Γ£ì v1 (The Senior Counsel) attempt 1...
    Γ£à 2888 words, 11 sections, 12 authorities cited, $0.0319

[224/297] ≡ƒôû ATP105 Week 26: Contempt of Court: Elements; procedure; abuse of power; drafting application
  ≡ƒôÄ Found 4 authority sources
  Γ£ì v1 (The Senior Counsel) attempt 1...
    Γ£à 2535 words, 9 sections, 0 authorities cited, $0.0347

[225/297] ≡ƒôû ATP106 Week 26: Bank Reconciliation Statements: Meaning, causes of differences, steps, benefits
  ≡ƒôÄ Found 14 authority sources
  Γ£ì v1 (The Senior Counsel) attempt 1...
    Γ£à 2611 words, 7 sections, 1 authorities cited, $0.0336

[226/297] ≡ƒôû ATP107 Week 26: Allocation: Pre-requisites, allocation process, prescription
  ≡ƒôÄ Found 0 authority sources
  Γ£ì v1 (The Senior Counsel) attempt 1...
    Γ£à 2793 words, 6 sections, 9 authorities cited, $0.0323

[227/297] ≡ƒôû ATP108 Week 26: Taxation ΓÇô Types of Income Tax: Types of income tax provisions
  ≡ƒôÄ Found 7 authority sources
  Γ£ì v1 (The Senior Counsel) attempt 1...
    Γ£à 2371 words, 11 sections, 0 authorities cited, $0.0332

[228/297] ≡ƒôû ATP100 Week 27: Procedure in Judicial Review: Stages under CPR; Fair Administrative Action Act
  ≡ƒôÄ Found 11 authority sources
  Γ£ì v1 (The Senior Counsel) attempt 1...
    Γ£à 2594 words, 12 sections, 1 authorities cited, $0.0342

[229/297] ≡ƒôû ATP101 Week 27: Private Prosecutions: Private prosecution procedures
  ≡ƒôÄ Found 14 authority sources
  Γ£ì v1 (The Senior Counsel) attempt 1...
    Γ£à 2856 words, 13 sections, 3 authorities cited, $0.0375

[230/297] ≡ƒôû ATP102 Week 27: Objections to Grants: Who may file, reasons, timing, process
  ≡ƒôÄ Found 0 authority sources
  Γ£ì v1 (The Senior Counsel) attempt 1...
    Γ£à 2618 words, 10 sections, 8 authorities cited, $0.0307

[231/297] ≡ƒôû ATP103 Week 27: Structure of a Bill: Preliminary provisions, substantive provisions
  ≡ƒôÄ Found 10 authority sources
  Γ£ì v1 (The Senior Counsel) attempt 1...
    Γ¥î Attempt 1 failed: Generated content too short (0 chars)
    ΓÅ│ Retrying in 5s...
  Γ£ì v1 (The Senior Counsel) attempt 2...
    Γ¥î Attempt 2 failed: Generated content too short (0 chars)
    ΓÅ│ Retrying in 5s...
  Γ£ì v1 (The Senior Counsel) attempt 3...
    Γ£à 2670 words, 11 sections, 0 authorities cited, $0.0342

[232/297] ≡ƒôû ATP104 Week 27: Cross-Examination: Techniques generally and for lay witnesses
  ≡ƒôÄ Found 0 authority sources
  Γ£ì v1 (The Senior Counsel) attempt 1...
    Γ£à 2513 words, 12 sections, 8 authorities cited, $0.0277

[233/297] ≡ƒôû ATP105 Week 27: Law as a Business: Establishing law firms; types; multi-disciplinary practice
  ≡ƒôÄ Found 0 authority sources
  Γ£ì v1 (The Senior Counsel) attempt 1...
    Γ£à 2158 words, 10 sections, 0 authorities cited, $0.0238

[234/297] ≡ƒôû ATP106 Week 27: Preparation of Final Accounts: Comprehensive income statement for sole trader
  ≡ƒôÄ Found 1 authority sources
  Γ£ì v1 (The Senior Counsel) attempt 1...
    Γ£à 2185 words, 16 sections, 0 authorities cited, $0.0241

[235/297] ≡ƒôû ATP107 Week 27: Change of User and Extension of User: Application, provisional approval, survey, titling
  ≡ƒôÄ Found 14 authority sources
  Γ£ì v1 (The Senior Counsel) attempt 1...
    Γ£à 2537 words, 11 sections, 0 authorities cited, $0.0329

[236/297] ≡ƒôû ATP108 Week 27: Taxation ΓÇô Planning, Avoidance, and CGT: Tax planning vs avoidance vs evasion; CGT computation
  ≡ƒôÄ Found 7 authority sources
  Γ£ì v1 (The Senior Counsel) attempt 1...
    Γ£à 2329 words, 9 sections, 1 authorities cited, $0.0346

[237/297] ≡ƒôû ATP100 Week 28: Procedure in Judicial Review: Remedies under judicial review; service
  ≡ƒôÄ Found 11 authority sources
  Γ£ì v1 (The Senior Counsel) attempt 1...
    ΓÅ│ Retrying in 5s...
    Γ¥î Attempt 1 failed: Generated content too short (0 chars)
  Γ£ì v1 (The Senior Counsel) attempt 2...
    Γ¥î Attempt 2 failed: Generated content too short (0 chars)
    ΓÅ│ Retrying in 5s...
  Γ£ì v1 (The Senior Counsel) attempt 3...
    Γ¥î Attempt 3 failed: Generated content too short (0 chars)

[238/297] ≡ƒôû ATP101 Week 28: Inquests: Inquest procedures and documentation
  ≡ƒôÄ Found 0 authority sources
  Γ£ì v1 (The Senior Counsel) attempt 1...
