ΓòöΓòÉΓòÉΓòÉΓòÉΓòÉΓòÉΓòÉΓòÉΓòÉΓòÉΓòÉΓòÉΓòÉΓòÉΓòÉΓòÉΓòÉΓòÉΓòÉΓòÉΓòÉΓòÉΓòÉΓòÉΓòÉΓòÉΓòÉΓòÉΓòÉΓòÉΓòÉΓòÉΓòÉΓòÉΓòÉΓòÉΓòÉΓòÉΓòÉΓòÉΓòÉΓòÉΓòÉΓòÉΓòÉΓòÉΓòÉΓòÉΓòÉΓòÉΓòù
Γòæ  YNAI Pre-Built Notes Generator                  Γòæ
ΓòÜΓòÉΓòÉΓòÉΓòÉΓòÉΓòÉΓòÉΓòÉΓòÉΓòÉΓòÉΓòÉΓòÉΓòÉΓòÉΓòÉΓòÉΓòÉΓòÉΓòÉΓòÉΓòÉΓòÉΓòÉΓòÉΓòÉΓòÉΓòÉΓòÉΓòÉΓòÉΓòÉΓòÉΓòÉΓòÉΓòÉΓòÉΓòÉΓòÉΓòÉΓòÉΓòÉΓòÉΓòÉΓòÉΓòÉΓòÉΓòÉΓòÉΓòÉΓò¥

≡ƒôï Ensuring database tables exist...
  Γ£à Tables ready

≡ƒôÜ Found 297 syllabus nodes to process

≡ƒÄ» Generating 2 versions per node (v1: The Senior Counsel, v2: The Practical Mentor)
≡ƒôè Total notes to generate: up to 594

ΓöÇΓöÇΓöÇΓöÇΓöÇΓöÇΓöÇΓöÇΓöÇΓöÇΓöÇΓöÇΓöÇΓöÇΓöÇΓöÇΓöÇΓöÇΓöÇΓöÇΓöÇΓöÇΓöÇΓöÇΓöÇΓöÇΓöÇΓöÇΓöÇΓöÇΓöÇΓöÇΓöÇΓöÇΓöÇΓöÇΓöÇΓöÇΓöÇΓöÇΓöÇΓöÇΓöÇΓöÇΓöÇΓöÇΓöÇΓöÇΓöÇΓöÇΓöÇΓöÇΓöÇΓöÇΓöÇΓöÇΓöÇΓöÇΓöÇΓöÇ

[1/297] ≡ƒôû ATP100 Week 1: Overview of the Course: Introduction, expectations, ground rules
  ≡ƒôÄ Found 0 authority sources
  Γ£ì v1 (The Senior Counsel) attempt 1...
    Γ£à 4096 words, 21 sections, 9 authorities cited, $0.0440
  Γ£ì v2 (The Practical Mentor) attempt 1...
    Γ£à 3599 words, 20 sections, 11 authorities cited, $0.0409

[2/297] ≡ƒôû ATP101 Week 1: Introduction to Criminal Litigation: Criminal Procedure Code overview, criminal law principles
  ≡ƒôÄ Found 15 authority sources
  Γ£ì v1 (The Senior Counsel) attempt 1...
    Γ£à 3999 words, 21 sections, 1 authorities cited, $0.0491
  Γ£ì v2 (The Practical Mentor) attempt 1...
